<?xml version="1.0" encoding="UTF-8"?>
<!DOCTYPE suite SYSTEM "https://testng.org/testng-1.0.dtd">
<suite name="Suite-Logika">
  <!--  <test thread-count="2" parallel = "classes" name="Test1">-->
  <!--  <test thread-count="16" parallel = "methods" name="Test1">-->
  <test name="Test2" parallel = "classes">
    <!--  <test name="Test1">-->
    <classes>
      <class name="coid.juaracoding.pcmtestng.automation.TestOperatorLogika"/>
    </classes>
  </test> <!-- Test -->
</suite> <!-- Suite -->